<?xml version="1.0" encoding="UTF-8"?>
<testsuite xmlns:xsi="http://www.w3.org/2001/XMLSchema-instance" xsi:noNamespaceSchemaLocation="https://maven.apache.org/surefire/maven-surefire-plugin/xsd/surefire-test-report-3.0.xsd" version="3.0" name="cucumber_options.TestRunner" time="11.509" tests="2" errors="0" skipped="0" failures="0">
  <properties>
[...]
</properties>
  <testcase name="Verifying Place is successfully added by AddPlace API" classname="Validating AddPlace API" time="8.65"/>
  <testcase name="Verifying Place is successfully deleted by DeletePlace API" classname="Validating AddPlace API" time="0.628"/>
</testsuite>